0 info it worked if it ends with ok
1 verbose cli [ '/usr/bin/nodejs',
1 verbose cli   '/usr/bin/npm',
1 verbose cli   'install',
1 verbose cli   '--save',
1 verbose cli   'react-redux' ]
2 info using npm@3.10.10
3 info using node@v6.9.4
4 silly loadCurrentTree Starting
5 silly install loadCurrentTree
6 silly install readLocalPackageData
7 silly fetchPackageMetaData react-redux
8 silly fetchNamedPackageData react-redux
9 silly mapToRegistry name react-redux
10 silly mapToRegistry using default registry
11 silly mapToRegistry registry https://registry.npmjs.org/
12 silly mapToRegistry data Result {
12 silly mapToRegistry   raw: 'react-redux',
12 silly mapToRegistry   scope: null,
12 silly mapToRegistry   escapedName: 'react-redux',
12 silly mapToRegistry   name: 'react-redux',
12 silly mapToRegistry   rawSpec: '',
12 silly mapToRegistry   spec: 'latest',
12 silly mapToRegistry   type: 'tag' }
13 silly mapToRegistry uri https://registry.npmjs.org/react-redux
14 verbose request uri https://registry.npmjs.org/react-redux
15 verbose request no auth needed
16 info attempt registry request try #1 at 1:15:36 PM
17 verbose request id feaeecbd6b4ee242
18 verbose etag W/"588aec0f-285b7"
19 verbose lastModified Fri, 27 Jan 2017 06:43:27 GMT
20 http request GET https://registry.npmjs.org/react-redux
21 http 304 https://registry.npmjs.org/react-redux
22 verbose headers { date: 'Tue, 31 Jan 2017 20:15:37 GMT',
22 verbose headers   via: '1.1 varnish',
22 verbose headers   'cache-control': 'max-age=300',
22 verbose headers   etag: 'W/"588aec0f-285b7"',
22 verbose headers   age: '247',
22 verbose headers   connection: 'keep-alive',
22 verbose headers   'x-served-by': 'cache-lax8635-LAX',
22 verbose headers   'x-cache': 'HIT',
22 verbose headers   'x-cache-hits': '2',
22 verbose headers   'x-timer': 'S1485893737.347746,VS0,VE0',
22 verbose headers   vary: 'Accept-Encoding' }
23 silly get cb [ 304,
23 silly get   { date: 'Tue, 31 Jan 2017 20:15:37 GMT',
23 silly get     via: '1.1 varnish',
23 silly get     'cache-control': 'max-age=300',
23 silly get     etag: 'W/"588aec0f-285b7"',
23 silly get     age: '247',
23 silly get     connection: 'keep-alive',
23 silly get     'x-served-by': 'cache-lax8635-LAX',
23 silly get     'x-cache': 'HIT',
23 silly get     'x-cache-hits': '2',
23 silly get     'x-timer': 'S1485893737.347746,VS0,VE0',
23 silly get     vary: 'Accept-Encoding' } ]
24 verbose etag https://registry.npmjs.org/react-redux from cache
25 verbose get saving react-redux to /home/boris/.npm/registry.npmjs.org/react-redux/.cache.json
26 verbose correctMkdir /home/boris/.npm correctMkdir not in flight; initializing
27 silly install normalizeTree
28 silly loadCurrentTree Finishing
29 silly loadIdealTree Starting
30 silly install loadIdealTree
31 silly cloneCurrentTree Starting
32 silly install cloneCurrentTreeToIdealTree
33 silly cloneCurrentTree Finishing
34 silly loadShrinkwrap Starting
35 silly install loadShrinkwrap
36 silly loadShrinkwrap Finishing
37 silly loadAllDepsIntoIdealTree Starting
38 silly install loadAllDepsIntoIdealTree
39 silly rollbackFailedOptional Starting
40 silly rollbackFailedOptional Finishing
41 silly runTopLevelLifecycles Finishing
42 silly install printInstalled
43 verbose stack Error: Refusing to install react-redux as a dependency of itself
43 verbose stack     at checkSelf (/usr/lib/node_modules/npm/lib/install/validate-args.js:53:14)
43 verbose stack     at Array.<anonymous> (/usr/lib/node_modules/npm/node_modules/slide/lib/bind-actor.js:15:8)
43 verbose stack     at LOOP (/usr/lib/node_modules/npm/node_modules/slide/lib/chain.js:15:14)
43 verbose stack     at chain (/usr/lib/node_modules/npm/node_modules/slide/lib/chain.js:20:5)
43 verbose stack     at /usr/lib/node_modules/npm/lib/install/validate-args.js:16:5
43 verbose stack     at /usr/lib/node_modules/npm/node_modules/slide/lib/async-map.js:52:35
43 verbose stack     at Array.forEach (native)
43 verbose stack     at /usr/lib/node_modules/npm/node_modules/slide/lib/async-map.js:52:11
43 verbose stack     at Array.forEach (native)
43 verbose stack     at asyncMap (/usr/lib/node_modules/npm/node_modules/slide/lib/async-map.js:51:8)
44 verbose cwd /home/boris/frontendmaster/learnreact/react-redux
45 error Linux 4.4.0-59-generic
46 error argv "/usr/bin/nodejs" "/usr/bin/npm" "install" "--save" "react-redux"
47 error node v6.9.4
48 error npm  v3.10.10
49 error code ENOSELF
50 error Refusing to install react-redux as a dependency of itself
51 error If you need help, you may report this error at:
51 error     <https://github.com/npm/npm/issues>
52 verbose exit [ 1, true ]
